<?xml version="1.0" encoding="UTF-8"?>
<testng-results ignored="0" total="1" passed="1" failed="0" skipped="0">
  <reporter-output>
  </reporter-output>
  <suite started-at="2024-03-06T12:42:12 IST" name="Default suite" finished-at="2024-03-06T12:42:36 IST" duration-ms="24841">
    <groups>
    </groups>
    <test started-at="2024-03-06T12:42:12 IST" name="Default test" finished-at="2024-03-06T12:42:36 IST" duration-ms="24841">
      <class name="com.flipkart.Flipkart_Automation.ProductSearch">
        <test-method is-config="true" signature="setUp()[pri:0, instance:com.flipkart.Flipkart_Automation.ProductSearch@41d426b5]" started-at="2024-03-06T12:42:12 IST" name="setUp" finished-at="2024-03-06T12:42:20 IST" duration-ms="8210" status="PASS">
          <reporter-output>
          </reporter-output>
        </test-method> <!-- setUp -->
        <test-method signature="testSearchProduct()[pri:0, instance:com.flipkart.Flipkart_Automation.ProductSearch@41d426b5]" started-at="2024-03-06T12:42:20 IST" name="testSearchProduct" finished-at="2024-03-06T12:42:35 IST" duration-ms="15159" status="PASS">
          <reporter-output>
          </reporter-output>
        </test-method> <!-- testSearchProduct -->
        <test-method is-config="true" signature="tearDown()[pri:0, instance:com.flipkart.Flipkart_Automation.ProductSearch@41d426b5]" started-at="2024-03-06T12:42:35 IST" name="tearDown" finished-at="2024-03-06T12:42:36 IST" duration-ms="1391" status="PASS">
          <reporter-output>
          </reporter-output>
        </test-method> <!-- tearDown -->
      </class> <!-- com.flipkart.Flipkart_Automation.ProductSearch -->
    </test> <!-- Default test -->
  </suite> <!-- Default suite -->
</testng-results>
